[2024-03-29 09:05:50] [info] Start Program:
Path:"D:\SEM 2 AN 1\OOP\lab5 undo\x64\Debug\lab5 undo.exe"
Arguments:
Working directory: "D:\SEM 2 AN 1\OOP\lab5 undo\"
Modules: Selected: D:\SEM 2 AN 1\OOP\lab5 undo\x64\Debug\lab5 undo.exe Excluded: 
Sources: Selected: D:\SEM 2 AN 1\OOP\lab5 undo Excluded: 
Log Level: Normal
Cover Children: 0
Aggregate by file: 1
Continue after C++ exception: 0
Optimized build support: 0
Export: Binary C:\Users\obrej\AppData\Local\Temp\zdghgeen.k2w 
Input coverage: 
Unified diff: 
Excluded line regular expressions: 
Substitute pdb source paths: 

[2024-03-29 09:05:50] [info] Module: D:\SEM 2 AN 1\OOP\lab5 undo\x64\Debug\lab5 undo.exe is selected because it matches selected pattern: D:\SEM 2 AN 1\OOP\lab5 undo\x64\Debug\lab5 undo.exe
[2024-03-29 09:05:51] [info] ----------------------------------------------------
[2024-03-29 09:05:51] [info] Coverage binary generated in file: C:\Users\obrej\AppData\Local\Temp\zdghgeen.k2w
[2024-03-29 09:05:51] [info] ----------------------------------------------------
